<?xml version="1.0" encoding="UTF-8"?>
<!-- Generated by org.testng.reporters.JUnitXMLReporter -->
<testsuite hostname="ICT-OS-XUYENMT" ignored="0" name="Test3" tests="12" failures="0" timestamp="31 Aug 2017 04:53:46 GMT" time="229.709" errors="0">
  <testcase name="HoKhauThemMoi" time="22.763" classname="quanlyhogiadinh.HoKhauThemTest"/>
  <testcase name="chuanhaptenchuho" time="9.21" classname="quanlyhogiadinh.HoKhauThemTest"/>
  <testcase name="ktrabttaomoihokhau" time="5.017" classname="quanlyhogiadinh.HoKhauThemTest"/>
  <testcase name="dodaiqua13kitu" time="12.525" classname="quanlyhogiadinh.HoKhauThemTest"/>
  <testcase name="nhapMYTCNbangmotgiatribatki" time="14.549" classname="quanlyhogiadinh.HoKhauThemTest"/>
  <testcase name="ktranhankhaudalachucuahokhac" time="29.478" classname="quanlyhogiadinh.HoKhauThemTest"/>
  <testcase name="themoihokhauthanhcong" time="47.688" classname="quanlyhogiadinh.HoKhauThemTest"/>
  <testcase name="ktrabtxemchitiet" time="15.911" classname="quanlyhogiadinh.HoKhauThemTest"/>
  <testcase name="chuacodulieuthaydoi" time="15.375" classname="quanlyhogiadinh.HoKhauThemTest"/>
  <testcase name="suathongtinchuho" time="9.026" classname="quanlyhogiadinh.HoKhauThemTest"/>
  <testcase name="xoathongtinchuho" time="12.048" classname="quanlyhogiadinh.HoKhauThemTest"/>
  <testcase name="xoahokhau" time="15.92" classname="quanlyhogiadinh.HoKhauThemTest"/>
</testsuite> <!-- Test3 -->
