<!DOCTYPE html PUBLIC "-//W3C//DTD XHTML 1.1//EN" "http://www.w3.org/TR/xhtml11/DTD/xhtml11.dtd">
<html xmlns="http://www.w3.org/1999/xhtml"><head><title>TestNG Report</title><style type="text/css">table {margin-bottom:10px;border-collapse:collapse;empty-cells:show}th,td {border:1px solid #009;padding:.25em .5em}th {vertical-align:bottom}td {vertical-align:top}table a {font-weight:bold}.stripe td {background-color: #E6EBF9}.num {text-align:right}.passedodd td {background-color: #3F3}.passedeven td {background-color: #0A0}.skippedodd td {background-color: #DDD}.skippedeven td {background-color: #CCC}.failedodd td,.attn {background-color: #F33}.failedeven td,.stripe .attn {background-color: #D00}.stacktrace {white-space:pre;font-family:monospace}.totop {font-size:85%;text-align:center;border-bottom:2px solid #000}</style></head><body><table><tr><th>Test</th><th># Passed</th><th># Skipped</th><th># Failed</th><th>Time (ms)</th><th>Included Groups</th><th>Excluded Groups</th></tr><tr><th colspan="7">Suite</th></tr><tr><td><a href="#t0">Test1</a></td><td class="num">14</td><td class="num">0</td><td class="num attn">4</td><td class="num">291,924</td><td></td><td></td></tr><tr class="stripe"><td><a href="#t1">Test2</a></td><td class="num">1</td><td class="num">0</td><td class="num attn">4</td><td class="num">105,289</td><td></td><td></td></tr><tr><td><a href="#t2">Test3</a></td><td class="num">12</td><td class="num">0</td><td class="num">0</td><td class="num">229,709</td><td></td><td></td></tr><tr class="stripe"><td><a href="#t3">Test4</a></td><td class="num">2</td><td class="num">0</td><td class="num">0</td><td class="num">97,781</td><td></td><td></td></tr><tr><td><a href="#t4">Test5</a></td><td class="num">0</td><td class="num">0</td><td class="num attn">9</td><td class="num">71,609</td><td></td><td></td></tr><tr class="stripe"><td><a href="#t5">Test6</a></td><td class="num">0</td><td class="num">0</td><td class="num attn">4</td><td class="num">89,087</td><td></td><td></td></tr><tr><td><a href="#t6">Test7</a></td><td class="num">4</td><td class="num">0</td><td class="num attn">2</td><td class="num">213,449</td><td></td><td></td></tr><tr class="stripe"><td><a href="#t7">Test8</a></td><td class="num">14</td><td class="num">0</td><td class="num">0</td><td class="num">272,952</td><td></td><td></td></tr><tr><td><a href="#t8">Test9</a></td><td class="num">5</td><td class="num">0</td><td class="num">0</td><td class="num">189,965</td><td></td><td></td></tr><tr><th>Total</th><th class="num">52</th><th class="num">0</th><th class="num attn">23</th><th class="num">1,561,765</th><th colspan="2"></th></tr></table><table id='summary'><thead><tr><th>Class</th><th>Method</th><th>Start</th><th>Time (ms)</th></tr></thead><tbody><tr><th colspan="4">Suite</th></tr></tbody><tbody id="t0"><tr><th colspan="4">Test1 &#8212; failed</th></tr><tr class="failedeven"><td rowspan="4">quanlyhogiadinh.NhanKhauThemTest</td><td><a href="#m0">nhankhaudangduocxulylambome</a></td><td rowspan="1">1504154867766</td><td rowspan="1">3044</td></tr><tr class="failedeven"><td><a href="#m1">suathongtinnhankhau</a></td><td rowspan="1">1504154861484</td><td rowspan="1">6281</td></tr><tr class="failedeven"><td><a href="#m2">suathongtinthanhcong</a></td><td rowspan="1">1504154870811</td><td rowspan="1">7027</td></tr><tr class="failedeven"><td><a href="#m3">xemthongtinnhankhau</a></td><td rowspan="1">1504154854528</td><td rowspan="1">6885</td></tr><tr><th colspan="4">Test1 &#8212; passed</th></tr><tr class="passedeven"><td rowspan="14">quanlyhogiadinh.NhanKhauThemTest</td><td><a href="#m4">btrongdantoc</a></td><td rowspan="1">1504154726511</td><td rowspan="1">57029</td></tr><tr class="passedeven"><td><a href="#m5">btrongquoctich</a></td><td rowspan="1">1504154783541</td><td rowspan="1">7346</td></tr><tr class="passedeven"><td><a href="#m6">btrongtongiao</a></td><td rowspan="1">1504154790888</td><td rowspan="1">5324</td></tr><tr class="passedeven"><td><a href="#m7">khongchondiachihientilathuongchu</a></td><td rowspan="1">1504154796213</td><td rowspan="1">18877</td></tr><tr class="passedeven"><td><a href="#m8">ktrabotrongtruongbatbuoc</a></td><td rowspan="1">1504154650551</td><td rowspan="1">13039</td></tr><tr class="passedeven"><td><a href="#m9">ktrabuttondong</a></td><td rowspan="1">1504154632478</td><td rowspan="1">12245</td></tr><tr class="passedeven"><td><a href="#m10">ktranhapthieuthontinbatbuoc</a></td><td rowspan="1">1504154644725</td><td rowspan="1">5825</td></tr><tr class="passedeven"><td><a href="#m11">nhapsaicactruongkhongbatbuoc</a></td><td rowspan="1">1504154663591</td><td rowspan="1">14134</td></tr><tr class="passedeven"><td><a href="#m12">themNKNgaySinhNhoHonHoacBangNgayHientaiVaLonHonNam1900th2</a></td><td rowspan="1">1504154685902</td><td rowspan="1">13679</td></tr><tr class="passedeven"><td><a href="#m13">themNKNhapMoiQuanHeVoiNguoiGiamHo</a></td><td rowspan="1">1504154710062</td><td rowspan="1">16449</td></tr><tr class="passedeven"><td><a href="#m14">themNKTreEmDuoi1TuoiNhapTenNguoiGiamHo</a></td><td rowspan="1">1504154699582</td><td rowspan="1">10480</td></tr><tr class="passedeven"><td><a href="#m15">themngaysinhsinhlonhonhoacbangnam1990</a></td><td rowspan="1">1504154677726</td><td rowspan="1">8176</td></tr><tr class="passedeven"><td><a href="#m16">themoithanhcong</a></td><td rowspan="1">1504154815090</td><td rowspan="1">39437</td></tr><tr class="passedeven"><td><a href="#m17">xoathongtinnhankhau</a></td><td rowspan="1">1504154877841</td><td rowspan="1">13194</td></tr></tbody><tbody id="t1"><tr><th colspan="4">Test2 &#8212; failed</th></tr><tr class="failedeven"><td rowspan="4">themdulieu.ThemDuLieuNhanKhauTest</td><td><a href="#m18">themoinhankhau</a></td><td rowspan="1">1504154912549</td><td rowspan="1">28640</td></tr><tr class="failedeven"><td><a href="#m19">themoinhankhau2</a></td><td rowspan="1">1504154977608</td><td rowspan="1">12834</td></tr><tr class="failedeven"><td><a href="#m20">themoinhankhau3</a></td><td rowspan="1">1504154990442</td><td rowspan="1">3021</td></tr><tr class="failedeven"><td><a href="#m21">themoinhankhau4</a></td><td rowspan="1">1504154993465</td><td rowspan="1">3026</td></tr><tr><th colspan="4">Test2 &#8212; passed</th></tr><tr class="passedeven"><td rowspan="1">themdulieu.ThemDuLieuNhanKhauTest</td><td><a href="#m22">themoinhankhau1</a></td><td rowspan="1">1504154941192</td><td rowspan="1">36415</td></tr></tbody><tbody id="t2"><tr><th colspan="4">Test3 &#8212; passed</th></tr><tr class="passedeven"><td rowspan="12">quanlyhogiadinh.HoKhauThemTest</td><td><a href="#m23">HoKhauThemMoi</a></td><td rowspan="1">1504155016758</td><td rowspan="1">22763</td></tr><tr class="passedeven"><td><a href="#m24">chuacodulieuthaydoi</a></td><td rowspan="1">1504155173904</td><td rowspan="1">15375</td></tr><tr class="passedeven"><td><a href="#m25">chuanhaptenchuho</a></td><td rowspan="1">1504155039521</td><td rowspan="1">9210</td></tr><tr class="passedeven"><td><a href="#m26">dodaiqua13kitu</a></td><td rowspan="1">1504155053749</td><td rowspan="1">12525</td></tr><tr class="passedeven"><td><a href="#m27">ktrabttaomoihokhau</a></td><td rowspan="1">1504155048732</td><td rowspan="1">5017</td></tr><tr class="passedeven"><td><a href="#m28">ktrabtxemchitiet</a></td><td rowspan="1">1504155157992</td><td rowspan="1">15911</td></tr><tr class="passedeven"><td><a href="#m29">ktranhankhaudalachucuahokhac</a></td><td rowspan="1">1504155080825</td><td rowspan="1">29478</td></tr><tr class="passedeven"><td><a href="#m30">nhapMYTCNbangmotgiatribatki</a></td><td rowspan="1">1504155066275</td><td rowspan="1">14549</td></tr><tr class="passedeven"><td><a href="#m31">suathongtinchuho</a></td><td rowspan="1">1504155189279</td><td rowspan="1">9026</td></tr><tr class="passedeven"><td><a href="#m32">themoihokhauthanhcong</a></td><td rowspan="1">1504155110303</td><td rowspan="1">47688</td></tr><tr class="passedeven"><td><a href="#m33">xoahokhau</a></td><td rowspan="1">1504155210353</td><td rowspan="1">15920</td></tr><tr class="passedeven"><td><a href="#m34">xoathongtinchuho</a></td><td rowspan="1">1504155198305</td><td rowspan="1">12048</td></tr></tbody><tbody id="t3"><tr><th colspan="4">Test4 &#8212; passed</th></tr><tr class="passedeven"><td rowspan="2">themdulieu.ThemDuLieuHoKhauTest</td><td><a href="#m35">themmoiNKVaoHkThanhCong</a></td><td rowspan="1">1504155303359</td><td rowspan="1">20713</td></tr><tr class="passedeven"><td><a href="#m36">themoihokhauthanhcong</a></td><td rowspan="1">1504155256500</td><td rowspan="1">46859</td></tr></tbody><tbody id="t4"><tr><th colspan="4">Test5 &#8212; failed</th></tr><tr class="failedeven"><td rowspan="9">quanlyhogiadinh.NhanKhauThemVaoHoKhauTest</td><td><a href="#m37">chuachonloaiquanhe</a></td><td rowspan="1">1504155362498</td><td rowspan="1">6013</td></tr><tr class="failedeven"><td><a href="#m38">chuachonnhankhau</a></td><td rowspan="1">1504155343757</td><td rowspan="1">18275</td></tr><tr class="failedeven"><td><a href="#m39">nhanKhauNaydaTonTai</a></td><td rowspan="1">1504155383587</td><td rowspan="1">6033</td></tr><tr class="failedeven"><td><a href="#m40">nhankhaudangcoquanhevoihokhac</a></td><td rowspan="1">1504155372535</td><td rowspan="1">5023</td></tr><tr class="failedeven"><td><a href="#m41">nhankhaudanglachucuahokhac</a></td><td rowspan="1">1504155368511</td><td rowspan="1">4014</td></tr><tr class="failedeven"><td><a href="#m42">soanhnhankhau</a></td><td rowspan="1">1504155380579</td><td rowspan="1">3007</td></tr><tr class="failedeven"><td><a href="#m43">suathongtinnhankhau</a></td><td rowspan="1">1504155389620</td><td rowspan="1">3009</td></tr><tr class="failedeven"><td><a href="#m44">themMoiNkVaoHkThanhCong</a></td><td rowspan="1">1504155377571</td><td rowspan="1">3008</td></tr><tr class="failedeven"><td><a href="#m45">xoanhankhau</a></td><td rowspan="1">1504155392630</td><td rowspan="1">3009</td></tr></tbody><tbody id="t5"><tr><th colspan="4">Test6 &#8212; failed</th></tr><tr class="failedeven"><td rowspan="4">quanlyhogiadinh.NhanKhauThemVaoHoKhau2Test</td><td><a href="#m46">chuachonnhankhau</a></td><td rowspan="1">1504155470590</td><td rowspan="1">4847</td></tr><tr class="failedeven"><td><a href="#m47">nhanKhauDangLaChuHo</a></td><td rowspan="1">1504155440533</td><td rowspan="1">25962</td></tr><tr class="failedeven"><td><a href="#m48">nhanKhauKhongLaChuHo</a></td><td rowspan="1">1504155475437</td><td rowspan="1">9437</td></tr><tr class="failedeven"><td><a href="#m49">xoa</a></td><td rowspan="1">1504155466508</td><td rowspan="1">4081</td></tr></tbody><tbody id="t6"><tr><th colspan="4">Test7 &#8212; failed</th></tr><tr class="failedeven"><td rowspan="2">quanlyhososuckhoe.KhamLapThemTest</td><td><a href="#m50">checkMau</a></td><td rowspan="1">1504155540515</td><td rowspan="1">20853</td></tr><tr class="failedeven"><td><a href="#m51">chuaCoDuLieuThayDoi</a></td><td rowspan="1">1504155536703</td><td rowspan="1">3674</td></tr><tr><th colspan="4">Test7 &#8212; passed</th></tr><tr class="passedeven"><td rowspan="4">quanlyhososuckhoe.KhamLapThemTest</td><td><a href="#m52">khamLapThanhCong</a></td><td rowspan="1">1504155638437</td><td rowspan="1">25408</td></tr><tr class="passedeven"><td><a href="#m53">ngayHenKhamKhongDuocNhoHonNgayKham</a></td><td rowspan="1">1504155620201</td><td rowspan="1">18236</td></tr><tr class="passedeven"><td><a href="#m54">ngayKhamkhongDuocLonHonNgayhienTai</a></td><td rowspan="1">1504155561369</td><td rowspan="1">58831</td></tr><tr class="passedeven"><td><a href="#m55">soSanhKhamLap</a></td><td rowspan="1">1504155663845</td><td rowspan="1">34929</td></tr></tbody><tbody id="t7"><tr><th colspan="4">Test8 &#8212; passed</th></tr><tr class="passedeven"><td rowspan="14">quanlyhososuckhoe.LichSuThemTest</td><td><a href="#m56">boTrongNgayBatDau</a></td><td rowspan="1">1504155773493</td><td rowspan="1">10462</td></tr><tr class="passedeven"><td><a href="#m57">boTrongNgayKetThuc</a></td><td rowspan="1">1504155783956</td><td rowspan="1">7164</td></tr><tr class="passedeven"><td><a href="#m58">boTrongngaykham</a></td><td rowspan="1">1504155752299</td><td rowspan="1">21193</td></tr><tr class="passedeven"><td><a href="#m59">ketQuaKhongDuocDetrong</a></td><td rowspan="1">1504155938705</td><td rowspan="1">6487</td></tr><tr class="passedeven"><td><a href="#m60">ngayKetThucKhongDuocNhoHonNgayBatDau</a></td><td rowspan="1">1504155808963</td><td rowspan="1">18552</td></tr><tr class="passedeven"><td><a href="#m61">ngayKhamKhongDuocLonHonNgayHientai</a></td><td rowspan="1">1504155842051</td><td rowspan="1">14818</td></tr><tr class="passedeven"><td><a href="#m62">ngayKhamKhongDuocLonHonNgayKetThuc</a></td><td rowspan="1">1504155827515</td><td rowspan="1">14535</td></tr><tr class="passedeven"><td><a href="#m63">ngayKhamKhongDuocNhoHonNgayBatDau</a></td><td rowspan="1">1504155791120</td><td rowspan="1">17842</td></tr><tr class="passedeven"><td><a href="#m64">ngayTaiKhamLonHonNgayKham</a></td><td rowspan="1">1504155856869</td><td rowspan="1">42252</td></tr><tr class="passedeven"><td><a href="#m65">soLuongKhongDuocDetrong</a></td><td rowspan="1">1504155951555</td><td rowspan="1">8685</td></tr><tr class="passedeven"><td><a href="#m66">soLuongPhaiNhapDangSo</a></td><td rowspan="1">1504155960272</td><td rowspan="1">11951</td></tr><tr class="passedeven"><td><a href="#m67">tenDichvuKongDuocDeTrong</a></td><td rowspan="1">1504155928691</td><td rowspan="1">10014</td></tr><tr class="passedeven"><td><a href="#m68">tenThuocKhongDuocDeTrong</a></td><td rowspan="1">1504155945192</td><td rowspan="1">6363</td></tr><tr class="passedeven"><td><a href="#m69">themMoiLichSuThanhCong</a></td><td rowspan="1">1504155899134</td><td rowspan="1">29557</td></tr></tbody><tbody id="t8"><tr><th colspan="4">Test9 &#8212; passed</th></tr><tr class="passedeven"><td rowspan="5">quanlyhososuckhoe.TiemChungThemTest</td><td><a href="#m70">checkMau</a></td><td rowspan="1">1504156150240</td><td rowspan="1">12097</td></tr><tr class="passedeven"><td><a href="#m71">themmoiTCMuiTiemKhongDuocBotrong</a></td><td rowspan="1">1504156038499</td><td rowspan="1">25557</td></tr><tr class="passedeven"><td><a href="#m72">themmoiTCNgayHenTiemPhaiLonHonHoacbangNgayNguaChung</a></td><td rowspan="1">1504156064056</td><td rowspan="1">20218</td></tr><tr class="passedeven"><td><a href="#m73">themmoiTCThanhCong</a></td><td rowspan="1">1504156084274</td><td rowspan="1">51287</td></tr><tr class="passedeven"><td><a href="#m74">themmoiTCVacXinMuiTiemDaTonTai</a></td><td rowspan="1">1504156135562</td><td rowspan="1">14677</td></tr></tbody></table><h2>Test1</h2><h3 id="m0">quanlyhogiadinh.NhanKhauThemTest#nhankhaudangduocxulylambome</h3><table class="result"><tr><th>Exception</th></tr><tr><td><div class="stacktrace">org.openqa.selenium.NoSuchElementException: Unable to locate element: .//*[@id=&apos;body&apos;]/div[1]/div/div/div/div[2]/div/div/div/div/section/form/div[13]/div[2]/div/div/span/button[1]
For documentation on this error, please visit: http://seleniumhq.org/exceptions/no_such_element.html
Build info: version: &apos;3.4.0&apos;, revision: &apos;unknown&apos;, time: &apos;unknown&apos;
System info: host: &apos;ICT-OS-XUYENMT&apos;, ip: &apos;10.61.187.121&apos;, os.name: &apos;Windows 7&apos;, os.arch: &apos;amd64&apos;, os.version: &apos;6.1&apos;, java.version: &apos;1.8.0_112&apos;
Driver info: org.openqa.selenium.firefox.FirefoxDriver
Capabilities [{moz:profile=C:\Users\ICT-OS~1\AppData\Local\Temp\rust_mozprofile.lAsTc2rh3K3c, rotatable=false, timeouts={implicit=0.0, pageLoad=300000.0, script=30000.0}, pageLoadStrategy=normal, platform=ANY, specificationLevel=0.0, moz:accessibilityChecks=false, acceptInsecureCerts=false, browserVersion=54.0.1, platformVersion=6.1, moz:processID=5404.0, browserName=firefox, javascriptEnabled=true, platformName=windows_nt}]
Session ID: fdbd9256-519c-440c-bb83-1c6599bc3017
*** Element info: {Using=xpath, value=.//*[@id=&apos;body&apos;]/div[1]/div/div/div/div[2]/div/div/div/div/section/form/div[13]/div[2]/div/div/span/button[1]}
	at org.openqa.selenium.remote.http.W3CHttpResponseCodec.createException(W3CHttpResponseCodec.java:150)
	at org.openqa.selenium.remote.http.W3CHttpResponseCodec.decode(W3CHttpResponseCodec.java:115)
	at org.openqa.selenium.remote.http.W3CHttpResponseCodec.decode(W3CHttpResponseCodec.java:45)
	at org.openqa.selenium.remote.HttpCommandExecutor.execute(HttpCommandExecutor.java:164)
	at org.openqa.selenium.remote.service.DriverCommandExecutor.execute(DriverCommandExecutor.java:82)
	at org.openqa.selenium.remote.RemoteWebDriver.execute(RemoteWebDriver.java:637)
	at org.openqa.selenium.remote.RemoteWebDriver.findElement(RemoteWebDriver.java:410)
	at org.openqa.selenium.remote.RemoteWebDriver.findElementByXPath(RemoteWebDriver.java:509)
	at org.openqa.selenium.By$ByXPath.findElement(By.java:361)
	at org.openqa.selenium.remote.RemoteWebDriver.findElement(RemoteWebDriver.java:402)
	at quanlyhogiadinh.NhanKhauThemMoi.nhankhaudangduocxulylambome(NhanKhauThemMoi.java:347)
	at quanlyhogiadinh.NhanKhauThemTest.nhankhaudangduocxulylambome(NhanKhauThemTest.java:88)
... Removed 32 stack frames</div></td></tr></table><p class="totop"><a href="#summary">back to summary</a></p><h3 id="m1">quanlyhogiadinh.NhanKhauThemTest#suathongtinnhankhau</h3><table class="result"><tr><th>Exception</th></tr><tr><td><div class="stacktrace">org.openqa.selenium.NoSuchElementException: Unable to locate element: .//*[@id=&apos;myTtCaNhanLabel&apos;]
For documentation on this error, please visit: http://seleniumhq.org/exceptions/no_such_element.html
Build info: version: &apos;3.4.0&apos;, revision: &apos;unknown&apos;, time: &apos;unknown&apos;
System info: host: &apos;ICT-OS-XUYENMT&apos;, ip: &apos;10.61.187.121&apos;, os.name: &apos;Windows 7&apos;, os.arch: &apos;amd64&apos;, os.version: &apos;6.1&apos;, java.version: &apos;1.8.0_112&apos;
Driver info: org.openqa.selenium.firefox.FirefoxDriver
Capabilities [{moz:profile=C:\Users\ICT-OS~1\AppData\Local\Temp\rust_mozprofile.lAsTc2rh3K3c, rotatable=false, timeouts={implicit=0.0, pageLoad=300000.0, script=30000.0}, pageLoadStrategy=normal, platform=ANY, specificationLevel=0.0, moz:accessibilityChecks=false, acceptInsecureCerts=false, browserVersion=54.0.1, platformVersion=6.1, moz:processID=5404.0, browserName=firefox, javascriptEnabled=true, platformName=windows_nt}]
Session ID: fdbd9256-519c-440c-bb83-1c6599bc3017
*** Element info: {Using=xpath, value=.//*[@id=&apos;myTtCaNhanLabel&apos;]}
	at org.openqa.selenium.remote.http.W3CHttpResponseCodec.createException(W3CHttpResponseCodec.java:150)
	at org.openqa.selenium.remote.http.W3CHttpResponseCodec.decode(W3CHttpResponseCodec.java:115)
	at org.openqa.selenium.remote.http.W3CHttpResponseCodec.decode(W3CHttpResponseCodec.java:45)
	at org.openqa.selenium.remote.HttpCommandExecutor.execute(HttpCommandExecutor.java:164)
	at org.openqa.selenium.remote.service.DriverCommandExecutor.execute(DriverCommandExecutor.java:82)
	at org.openqa.selenium.remote.RemoteWebDriver.execute(RemoteWebDriver.java:637)
	at org.openqa.selenium.remote.RemoteWebDriver.findElement(RemoteWebDriver.java:410)
	at org.openqa.selenium.remote.RemoteWebDriver.findElementByXPath(RemoteWebDriver.java:509)
	at org.openqa.selenium.By$ByXPath.findElement(By.java:361)
	at org.openqa.selenium.remote.RemoteWebDriver.findElement(RemoteWebDriver.java:402)
	at quanlyhogiadinh.NhanKhauThemMoi.suathongtinnhankhau(NhanKhauThemMoi.java:338)
	at quanlyhogiadinh.NhanKhauThemTest.suathongtinnhankhau(NhanKhauThemTest.java:84)
... Removed 32 stack frames</div></td></tr></table><p class="totop"><a href="#summary">back to summary</a></p><h3 id="m2">quanlyhogiadinh.NhanKhauThemTest#suathongtinthanhcong</h3><table class="result"><tr><th>Exception</th></tr><tr><td><div class="stacktrace">org.openqa.selenium.NoSuchElementException: Unable to locate element: .//*[@id=&apos;body&apos;]/div[1]/div/div/div/div[2]/div/div/div/div/section/form/div[18]/button[1]
For documentation on this error, please visit: http://seleniumhq.org/exceptions/no_such_element.html
Build info: version: &apos;3.4.0&apos;, revision: &apos;unknown&apos;, time: &apos;unknown&apos;
System info: host: &apos;ICT-OS-XUYENMT&apos;, ip: &apos;10.61.187.121&apos;, os.name: &apos;Windows 7&apos;, os.arch: &apos;amd64&apos;, os.version: &apos;6.1&apos;, java.version: &apos;1.8.0_112&apos;
Driver info: org.openqa.selenium.firefox.FirefoxDriver
Capabilities [{moz:profile=C:\Users\ICT-OS~1\AppData\Local\Temp\rust_mozprofile.lAsTc2rh3K3c, rotatable=false, timeouts={implicit=0.0, pageLoad=300000.0, script=30000.0}, pageLoadStrategy=normal, platform=ANY, specificationLevel=0.0, moz:accessibilityChecks=false, acceptInsecureCerts=false, browserVersion=54.0.1, platformVersion=6.1, moz:processID=5404.0, browserName=firefox, javascriptEnabled=true, platformName=windows_nt}]
Session ID: fdbd9256-519c-440c-bb83-1c6599bc3017
*** Element info: {Using=xpath, value=.//*[@id=&apos;body&apos;]/div[1]/div/div/div/div[2]/div/div/div/div/section/form/div[18]/button[1]}
	at org.openqa.selenium.remote.http.W3CHttpResponseCodec.createException(W3CHttpResponseCodec.java:150)
	at org.openqa.selenium.remote.http.W3CHttpResponseCodec.decode(W3CHttpResponseCodec.java:115)
	at org.openqa.selenium.remote.http.W3CHttpResponseCodec.decode(W3CHttpResponseCodec.java:45)
	at org.openqa.selenium.remote.HttpCommandExecutor.execute(HttpCommandExecutor.java:164)
	at org.openqa.selenium.remote.service.DriverCommandExecutor.execute(DriverCommandExecutor.java:82)
	at org.openqa.selenium.remote.RemoteWebDriver.execute(RemoteWebDriver.java:637)
	at org.openqa.selenium.remote.RemoteWebDriver.findElement(RemoteWebDriver.java:410)
	at org.openqa.selenium.remote.RemoteWebDriver.findElementByXPath(RemoteWebDriver.java:509)
	at org.openqa.selenium.By$ByXPath.findElement(By.java:361)
	at org.openqa.selenium.remote.RemoteWebDriver.findElement(RemoteWebDriver.java:402)
	at quanlyhogiadinh.NhanKhauThemMoi.suathongtinthanhcong(NhanKhauThemMoi.java:366)
	at quanlyhogiadinh.NhanKhauThemTest.suathongtinthanhcong(NhanKhauThemTest.java:92)
... Removed 32 stack frames</div></td></tr></table><p class="totop"><a href="#summary">back to summary</a></p><h3 id="m3">quanlyhogiadinh.NhanKhauThemTest#xemthongtinnhankhau</h3><table class="result"><tr><th>Exception</th></tr><tr><td><div class="stacktrace">org.openqa.selenium.NoSuchElementException: Unable to locate element: .//*[@id=&apos;myTtCaNhanLabel&apos;]
For documentation on this error, please visit: http://seleniumhq.org/exceptions/no_such_element.html
Build info: version: &apos;3.4.0&apos;, revision: &apos;unknown&apos;, time: &apos;unknown&apos;
System info: host: &apos;ICT-OS-XUYENMT&apos;, ip: &apos;10.61.187.121&apos;, os.name: &apos;Windows 7&apos;, os.arch: &apos;amd64&apos;, os.version: &apos;6.1&apos;, java.version: &apos;1.8.0_112&apos;
Driver info: org.openqa.selenium.firefox.FirefoxDriver
Capabilities [{moz:profile=C:\Users\ICT-OS~1\AppData\Local\Temp\rust_mozprofile.lAsTc2rh3K3c, rotatable=false, timeouts={implicit=0.0, pageLoad=300000.0, script=30000.0}, pageLoadStrategy=normal, platform=ANY, specificationLevel=0.0, moz:accessibilityChecks=false, acceptInsecureCerts=false, browserVersion=54.0.1, platformVersion=6.1, moz:processID=5404.0, browserName=firefox, javascriptEnabled=true, platformName=windows_nt}]
Session ID: fdbd9256-519c-440c-bb83-1c6599bc3017
*** Element info: {Using=xpath, value=.//*[@id=&apos;myTtCaNhanLabel&apos;]}
	at org.openqa.selenium.remote.http.W3CHttpResponseCodec.createException(W3CHttpResponseCodec.java:150)
	at org.openqa.selenium.remote.http.W3CHttpResponseCodec.decode(W3CHttpResponseCodec.java:115)
	at org.openqa.selenium.remote.http.W3CHttpResponseCodec.decode(W3CHttpResponseCodec.java:45)
	at org.openqa.selenium.remote.HttpCommandExecutor.execute(HttpCommandExecutor.java:164)
	at org.openqa.selenium.remote.service.DriverCommandExecutor.execute(DriverCommandExecutor.java:82)
	at org.openqa.selenium.remote.RemoteWebDriver.execute(RemoteWebDriver.java:637)
	at org.openqa.selenium.remote.RemoteWebDriver.findElement(RemoteWebDriver.java:410)
	at org.openqa.selenium.remote.RemoteWebDriver.findElementByXPath(RemoteWebDriver.java:509)
	at org.openqa.selenium.By$ByXPath.findElement(By.java:361)
	at org.openqa.selenium.remote.RemoteWebDriver.findElement(RemoteWebDriver.java:402)
	at quanlyhogiadinh.NhanKhauThemMoi.xemthongtinnhankhau(NhanKhauThemMoi.java:326)
	at quanlyhogiadinh.NhanKhauThemTest.xemthongtinnhankhau(NhanKhauThemTest.java:80)
... Removed 32 stack frames</div></td></tr></table><p class="totop"><a href="#summary">back to summary</a></p><h3 id="m4">quanlyhogiadinh.NhanKhauThemTest#btrongdantoc</h3><table class="result"></table><p class="totop"><a href="#summary">back to summary</a></p><h3 id="m5">quanlyhogiadinh.NhanKhauThemTest#btrongquoctich</h3><table class="result"></table><p class="totop"><a href="#summary">back to summary</a></p><h3 id="m6">quanlyhogiadinh.NhanKhauThemTest#btrongtongiao</h3><table class="result"></table><p class="totop"><a href="#summary">back to summary</a></p><h3 id="m7">quanlyhogiadinh.NhanKhauThemTest#khongchondiachihientilathuongchu</h3><table class="result"></table><p class="totop"><a href="#summary">back to summary</a></p><h3 id="m8">quanlyhogiadinh.NhanKhauThemTest#ktrabotrongtruongbatbuoc</h3><table class="result"></table><p class="totop"><a href="#summary">back to summary</a></p><h3 id="m9">quanlyhogiadinh.NhanKhauThemTest#ktrabuttondong</h3><table class="result"></table><p class="totop"><a href="#summary">back to summary</a></p><h3 id="m10">quanlyhogiadinh.NhanKhauThemTest#ktranhapthieuthontinbatbuoc</h3><table class="result"></table><p class="totop"><a href="#summary">back to summary</a></p><h3 id="m11">quanlyhogiadinh.NhanKhauThemTest#nhapsaicactruongkhongbatbuoc</h3><table class="result"></table><p class="totop"><a href="#summary">back to summary</a></p><h3 id="m12">quanlyhogiadinh.NhanKhauThemTest#themNKNgaySinhNhoHonHoacBangNgayHientaiVaLonHonNam1900th2</h3><table class="result"></table><p class="totop"><a href="#summary">back to summary</a></p><h3 id="m13">quanlyhogiadinh.NhanKhauThemTest#themNKNhapMoiQuanHeVoiNguoiGiamHo</h3><table class="result"></table><p class="totop"><a href="#summary">back to summary</a></p><h3 id="m14">quanlyhogiadinh.NhanKhauThemTest#themNKTreEmDuoi1TuoiNhapTenNguoiGiamHo</h3><table class="result"></table><p class="totop"><a href="#summary">back to summary</a></p><h3 id="m15">quanlyhogiadinh.NhanKhauThemTest#themngaysinhsinhlonhonhoacbangnam1990</h3><table class="result"></table><p class="totop"><a href="#summary">back to summary</a></p><h3 id="m16">quanlyhogiadinh.NhanKhauThemTest#themoithanhcong</h3><table class="result"></table><p class="totop"><a href="#summary">back to summary</a></p><h3 id="m17">quanlyhogiadinh.NhanKhauThemTest#xoathongtinnhankhau</h3><table class="result"></table><p class="totop"><a href="#summary">back to summary</a></p><h2>Test2</h2><h3 id="m18">themdulieu.ThemDuLieuNhanKhauTest#themoinhankhau</h3><table class="result"><tr><th>Exception</th></tr><tr><td><div class="stacktrace">org.openqa.selenium.NoSuchElementException: Unable to locate element: .//*[@id=&apos;body&apos;]/div[1]/div[4]/div[2]/div/div/div[3]/div[1]/div/div/div/div/div/div[1]/form/div[1]/div[2]/input
For documentation on this error, please visit: http://seleniumhq.org/exceptions/no_such_element.html
Build info: version: &apos;3.4.0&apos;, revision: &apos;unknown&apos;, time: &apos;unknown&apos;
System info: host: &apos;ICT-OS-XUYENMT&apos;, ip: &apos;10.61.187.121&apos;, os.name: &apos;Windows 7&apos;, os.arch: &apos;amd64&apos;, os.version: &apos;6.1&apos;, java.version: &apos;1.8.0_112&apos;
Driver info: org.openqa.selenium.firefox.FirefoxDriver
Capabilities [{moz:profile=C:\Users\ICT-OS~1\AppData\Local\Temp\rust_mozprofile.LztceaQY0F3m, rotatable=false, timeouts={implicit=0.0, pageLoad=300000.0, script=30000.0}, pageLoadStrategy=normal, platform=ANY, specificationLevel=0.0, moz:accessibilityChecks=false, acceptInsecureCerts=false, browserVersion=54.0.1, platformVersion=6.1, moz:processID=3400.0, browserName=firefox, javascriptEnabled=true, platformName=windows_nt}]
Session ID: 5e958257-b947-49e4-866b-3947b54f5afa
*** Element info: {Using=xpath, value=.//*[@id=&apos;body&apos;]/div[1]/div[4]/div[2]/div/div/div[3]/div[1]/div/div/div/div/div/div[1]/form/div[1]/div[2]/input}
	at org.openqa.selenium.remote.http.W3CHttpResponseCodec.createException(W3CHttpResponseCodec.java:150)
	at org.openqa.selenium.remote.http.W3CHttpResponseCodec.decode(W3CHttpResponseCodec.java:115)
	at org.openqa.selenium.remote.http.W3CHttpResponseCodec.decode(W3CHttpResponseCodec.java:45)
	at org.openqa.selenium.remote.HttpCommandExecutor.execute(HttpCommandExecutor.java:164)
	at org.openqa.selenium.remote.service.DriverCommandExecutor.execute(DriverCommandExecutor.java:82)
	at org.openqa.selenium.remote.RemoteWebDriver.execute(RemoteWebDriver.java:637)
	at org.openqa.selenium.remote.RemoteWebDriver.findElement(RemoteWebDriver.java:410)
	at org.openqa.selenium.remote.RemoteWebDriver.findElementByXPath(RemoteWebDriver.java:509)
	at org.openqa.selenium.By$ByXPath.findElement(By.java:361)
	at org.openqa.selenium.remote.RemoteWebDriver.findElement(RemoteWebDriver.java:402)
	at themdulieu.ThemDuLieuNhanKhau.themoinhankhau(ThemDuLieuNhanKhau.java:33)
	at themdulieu.ThemDuLieuNhanKhauTest.themoinhankhau(ThemDuLieuNhanKhauTest.java:29)
... Removed 32 stack frames</div></td></tr></table><p class="totop"><a href="#summary">back to summary</a></p><h3 id="m19">themdulieu.ThemDuLieuNhanKhauTest#themoinhankhau2</h3><table class="result"><tr><th>Exception</th></tr><tr><td><div class="stacktrace">org.openqa.selenium.NoSuchElementException: Unable to locate element: .//*[@id=&apos;body&apos;]/div[1]/div/div/div/div[2]/div/div/div/div[2]/section[1]/form/div[4]/div/address-picker-code/div/div[1]/div/ul/li/div[4]
For documentation on this error, please visit: http://seleniumhq.org/exceptions/no_such_element.html
Build info: version: &apos;3.4.0&apos;, revision: &apos;unknown&apos;, time: &apos;unknown&apos;
System info: host: &apos;ICT-OS-XUYENMT&apos;, ip: &apos;10.61.187.121&apos;, os.name: &apos;Windows 7&apos;, os.arch: &apos;amd64&apos;, os.version: &apos;6.1&apos;, java.version: &apos;1.8.0_112&apos;
Driver info: org.openqa.selenium.firefox.FirefoxDriver
Capabilities [{moz:profile=C:\Users\ICT-OS~1\AppData\Local\Temp\rust_mozprofile.LztceaQY0F3m, rotatable=false, timeouts={implicit=0.0, pageLoad=300000.0, script=30000.0}, pageLoadStrategy=normal, platform=ANY, specificationLevel=0.0, moz:accessibilityChecks=false, acceptInsecureCerts=false, browserVersion=54.0.1, platformVersion=6.1, moz:processID=3400.0, browserName=firefox, javascriptEnabled=true, platformName=windows_nt}]
Session ID: 5e958257-b947-49e4-866b-3947b54f5afa
*** Element info: {Using=xpath, value=.//*[@id=&apos;body&apos;]/div[1]/div/div/div/div[2]/div/div/div/div[2]/section[1]/form/div[4]/div/address-picker-code/div/div[1]/div/ul/li/div[4]}
	at org.openqa.selenium.remote.http.W3CHttpResponseCodec.createException(W3CHttpResponseCodec.java:150)
	at org.openqa.selenium.remote.http.W3CHttpResponseCodec.decode(W3CHttpResponseCodec.java:115)
	at org.openqa.selenium.remote.http.W3CHttpResponseCodec.decode(W3CHttpResponseCodec.java:45)
	at org.openqa.selenium.remote.HttpCommandExecutor.execute(HttpCommandExecutor.java:164)
	at org.openqa.selenium.remote.service.DriverCommandExecutor.execute(DriverCommandExecutor.java:82)
	at org.openqa.selenium.remote.RemoteWebDriver.execute(RemoteWebDriver.java:637)
	at org.openqa.selenium.remote.RemoteWebDriver.findElement(RemoteWebDriver.java:410)
	at org.openqa.selenium.remote.RemoteWebDriver.findElementByXPath(RemoteWebDriver.java:509)
	at org.openqa.selenium.By$ByXPath.findElement(By.java:361)
	at org.openqa.selenium.remote.RemoteWebDriver.findElement(RemoteWebDriver.java:402)
	at themdulieu.ThemDuLieuNhanKhau.themoinhankhau2(ThemDuLieuNhanKhau.java:135)
	at themdulieu.ThemDuLieuNhanKhauTest.themoinhankhau2(ThemDuLieuNhanKhauTest.java:39)
... Removed 32 stack frames</div></td></tr></table><p class="totop"><a href="#summary">back to summary</a></p><h3 id="m20">themdulieu.ThemDuLieuNhanKhauTest#themoinhankhau3</h3><table class="result"><tr><th>Exception</th></tr><tr><td><div class="stacktrace">org.openqa.selenium.NoSuchElementException: Unable to locate element: .//*[@id=&apos;body&apos;]/div[1]/div[4]/div[2]/div/div/div[3]/div[2]/div[2]/button[1]
For documentation on this error, please visit: http://seleniumhq.org/exceptions/no_such_element.html
Build info: version: &apos;3.4.0&apos;, revision: &apos;unknown&apos;, time: &apos;unknown&apos;
System info: host: &apos;ICT-OS-XUYENMT&apos;, ip: &apos;10.61.187.121&apos;, os.name: &apos;Windows 7&apos;, os.arch: &apos;amd64&apos;, os.version: &apos;6.1&apos;, java.version: &apos;1.8.0_112&apos;
Driver info: org.openqa.selenium.firefox.FirefoxDriver
Capabilities [{moz:profile=C:\Users\ICT-OS~1\AppData\Local\Temp\rust_mozprofile.LztceaQY0F3m, rotatable=false, timeouts={implicit=0.0, pageLoad=300000.0, script=30000.0}, pageLoadStrategy=normal, platform=ANY, specificationLevel=0.0, moz:accessibilityChecks=false, acceptInsecureCerts=false, browserVersion=54.0.1, platformVersion=6.1, moz:processID=3400.0, browserName=firefox, javascriptEnabled=true, platformName=windows_nt}]
Session ID: 5e958257-b947-49e4-866b-3947b54f5afa
*** Element info: {Using=xpath, value=.//*[@id=&apos;body&apos;]/div[1]/div[4]/div[2]/div/div/div[3]/div[2]/div[2]/button[1]}
	at org.openqa.selenium.remote.http.W3CHttpResponseCodec.createException(W3CHttpResponseCodec.java:150)
	at org.openqa.selenium.remote.http.W3CHttpResponseCodec.decode(W3CHttpResponseCodec.java:115)
	at org.openqa.selenium.remote.http.W3CHttpResponseCodec.decode(W3CHttpResponseCodec.java:45)
	at org.openqa.selenium.remote.HttpCommandExecutor.execute(HttpCommandExecutor.java:164)
	at org.openqa.selenium.remote.service.DriverCommandExecutor.execute(DriverCommandExecutor.java:82)
	at org.openqa.selenium.remote.RemoteWebDriver.execute(RemoteWebDriver.java:637)
	at org.openqa.selenium.remote.RemoteWebDriver.findElement(RemoteWebDriver.java:410)
	at org.openqa.selenium.remote.RemoteWebDriver.findElementByXPath(RemoteWebDriver.java:509)
	at org.openqa.selenium.By$ByXPath.findElement(By.java:361)
	at org.openqa.selenium.remote.RemoteWebDriver.findElement(RemoteWebDriver.java:402)
	at themdulieu.ThemDuLieuNhanKhau.themoinhankhau3(ThemDuLieuNhanKhau.java:181)
	at themdulieu.ThemDuLieuNhanKhauTest.themoinhankhau3(ThemDuLieuNhanKhauTest.java:44)
... Removed 32 stack frames</div></td></tr></table><p class="totop"><a href="#summary">back to summary</a></p><h3 id="m21">themdulieu.ThemDuLieuNhanKhauTest#themoinhankhau4</h3><table class="result"><tr><th>Exception</th></tr><tr><td><div class="stacktrace">org.openqa.selenium.NoSuchElementException: Unable to locate element: .//*[@id=&apos;body&apos;]/div[1]/div[4]/div[2]/div/div/div[3]/div[2]/div[2]/button[1]
For documentation on this error, please visit: http://seleniumhq.org/exceptions/no_such_element.html
Build info: version: &apos;3.4.0&apos;, revision: &apos;unknown&apos;, time: &apos;unknown&apos;
System info: host: &apos;ICT-OS-XUYENMT&apos;, ip: &apos;10.61.187.121&apos;, os.name: &apos;Windows 7&apos;, os.arch: &apos;amd64&apos;, os.version: &apos;6.1&apos;, java.version: &apos;1.8.0_112&apos;
Driver info: org.openqa.selenium.firefox.FirefoxDriver
Capabilities [{moz:profile=C:\Users\ICT-OS~1\AppData\Local\Temp\rust_mozprofile.LztceaQY0F3m, rotatable=false, timeouts={implicit=0.0, pageLoad=300000.0, script=30000.0}, pageLoadStrategy=normal, platform=ANY, specificationLevel=0.0, moz:accessibilityChecks=false, acceptInsecureCerts=false, browserVersion=54.0.1, platformVersion=6.1, moz:processID=3400.0, browserName=firefox, javascriptEnabled=true, platformName=windows_nt}]
Session ID: 5e958257-b947-49e4-866b-3947b54f5afa
*** Element info: {Using=xpath, value=.//*[@id=&apos;body&apos;]/div[1]/div[4]/div[2]/div/div/div[3]/div[2]/div[2]/button[1]}
	at org.openqa.selenium.remote.http.W3CHttpResponseCodec.createException(W3CHttpResponseCodec.java:150)
	at org.openqa.selenium.remote.http.W3CHttpResponseCodec.decode(W3CHttpResponseCodec.java:115)
	at org.openqa.selenium.remote.http.W3CHttpResponseCodec.decode(W3CHttpResponseCodec.java:45)
	at org.openqa.selenium.remote.HttpCommandExecutor.execute(HttpCommandExecutor.java:164)
	at org.openqa.selenium.remote.service.DriverCommandExecutor.execute(DriverCommandExecutor.java:82)
	at org.openqa.selenium.remote.RemoteWebDriver.execute(RemoteWebDriver.java:637)
	at org.openqa.selenium.remote.RemoteWebDriver.findElement(RemoteWebDriver.java:410)
	at org.openqa.selenium.remote.RemoteWebDriver.findElementByXPath(RemoteWebDriver.java:509)
	at org.openqa.selenium.By$ByXPath.findElement(By.java:361)
	at org.openqa.selenium.remote.RemoteWebDriver.findElement(RemoteWebDriver.java:402)
	at themdulieu.ThemDuLieuNhanKhau.themoinhankhau4(ThemDuLieuNhanKhau.java:238)
	at themdulieu.ThemDuLieuNhanKhauTest.themoinhankhau4(ThemDuLieuNhanKhauTest.java:49)
... Removed 32 stack frames</div></td></tr></table><p class="totop"><a href="#summary">back to summary</a></p><h3 id="m22">themdulieu.ThemDuLieuNhanKhauTest#themoinhankhau1</h3><table class="result"></table><p class="totop"><a href="#summary">back to summary</a></p><h2>Test3</h2><h3 id="m23">quanlyhogiadinh.HoKhauThemTest#HoKhauThemMoi</h3><table class="result"></table><p class="totop"><a href="#summary">back to summary</a></p><h3 id="m24">quanlyhogiadinh.HoKhauThemTest#chuacodulieuthaydoi</h3><table class="result"></table><p class="totop"><a href="#summary">back to summary</a></p><h3 id="m25">quanlyhogiadinh.HoKhauThemTest#chuanhaptenchuho</h3><table class="result"></table><p class="totop"><a href="#summary">back to summary</a></p><h3 id="m26">quanlyhogiadinh.HoKhauThemTest#dodaiqua13kitu</h3><table class="result"></table><p class="totop"><a href="#summary">back to summary</a></p><h3 id="m27">quanlyhogiadinh.HoKhauThemTest#ktrabttaomoihokhau</h3><table class="result"></table><p class="totop"><a href="#summary">back to summary</a></p><h3 id="m28">quanlyhogiadinh.HoKhauThemTest#ktrabtxemchitiet</h3><table class="result"></table><p class="totop"><a href="#summary">back to summary</a></p><h3 id="m29">quanlyhogiadinh.HoKhauThemTest#ktranhankhaudalachucuahokhac</h3><table class="result"></table><p class="totop"><a href="#summary">back to summary</a></p><h3 id="m30">quanlyhogiadinh.HoKhauThemTest#nhapMYTCNbangmotgiatribatki</h3><table class="result"></table><p class="totop"><a href="#summary">back to summary</a></p><h3 id="m31">quanlyhogiadinh.HoKhauThemTest#suathongtinchuho</h3><table class="result"></table><p class="totop"><a href="#summary">back to summary</a></p><h3 id="m32">quanlyhogiadinh.HoKhauThemTest#themoihokhauthanhcong</h3><table class="result"></table><p class="totop"><a href="#summary">back to summary</a></p><h3 id="m33">quanlyhogiadinh.HoKhauThemTest#xoahokhau</h3><table class="result"></table><p class="totop"><a href="#summary">back to summary</a></p><h3 id="m34">quanlyhogiadinh.HoKhauThemTest#xoathongtinchuho</h3><table class="result"></table><p class="totop"><a href="#summary">back to summary</a></p><h2>Test4</h2><h3 id="m35">themdulieu.ThemDuLieuHoKhauTest#themmoiNKVaoHkThanhCong</h3><table class="result"></table><p class="totop"><a href="#summary">back to summary</a></p><h3 id="m36">themdulieu.ThemDuLieuHoKhauTest#themoihokhauthanhcong</h3><table class="result"></table><p class="totop"><a href="#summary">back to summary</a></p><h2>Test5</h2><h3 id="m37">quanlyhogiadinh.NhanKhauThemVaoHoKhauTest#chuachonloaiquanhe</h3><table class="result"><tr><th>Exception</th></tr><tr><td><div class="stacktrace">org.openqa.selenium.NoSuchElementException: Unable to locate element: .//*[@id=&apos;body&apos;]/div[1]/div/div/div/form/div[2]/div/div[1]/div/span/button
For documentation on this error, please visit: http://seleniumhq.org/exceptions/no_such_element.html
Build info: version: &apos;3.4.0&apos;, revision: &apos;unknown&apos;, time: &apos;unknown&apos;
System info: host: &apos;ICT-OS-XUYENMT&apos;, ip: &apos;10.61.187.121&apos;, os.name: &apos;Windows 7&apos;, os.arch: &apos;amd64&apos;, os.version: &apos;6.1&apos;, java.version: &apos;1.8.0_112&apos;
Driver info: org.openqa.selenium.firefox.FirefoxDriver
Capabilities [{moz:profile=C:\Users\ICT-OS~1\AppData\Local\Temp\rust_mozprofile.PClv3qtCJbpD, rotatable=false, timeouts={implicit=0.0, pageLoad=300000.0, script=30000.0}, pageLoadStrategy=normal, platform=ANY, specificationLevel=0.0, moz:accessibilityChecks=false, acceptInsecureCerts=false, browserVersion=54.0.1, platformVersion=6.1, moz:processID=6668.0, browserName=firefox, javascriptEnabled=true, platformName=windows_nt}]
Session ID: 4137a4de-af18-4b86-b935-cafda56dd62b
*** Element info: {Using=xpath, value=.//*[@id=&apos;body&apos;]/div[1]/div/div/div/form/div[2]/div/div[1]/div/span/button}
	at org.openqa.selenium.remote.http.W3CHttpResponseCodec.createException(W3CHttpResponseCodec.java:150)
	at org.openqa.selenium.remote.http.W3CHttpResponseCodec.decode(W3CHttpResponseCodec.java:115)
	at org.openqa.selenium.remote.http.W3CHttpResponseCodec.decode(W3CHttpResponseCodec.java:45)
	at org.openqa.selenium.remote.HttpCommandExecutor.execute(HttpCommandExecutor.java:164)
	at org.openqa.selenium.remote.service.DriverCommandExecutor.execute(DriverCommandExecutor.java:82)
	at org.openqa.selenium.remote.RemoteWebDriver.execute(RemoteWebDriver.java:637)
	at org.openqa.selenium.remote.RemoteWebDriver.findElement(RemoteWebDriver.java:410)
	at org.openqa.selenium.remote.RemoteWebDriver.findElementByXPath(RemoteWebDriver.java:509)
	at org.openqa.selenium.By$ByXPath.findElement(By.java:361)
	at org.openqa.selenium.remote.RemoteWebDriver.findElement(RemoteWebDriver.java:402)
	at quanlyhogiadinh.NhanKhauThemVaohoKhau.chuachonloaiquanhe(NhanKhauThemVaohoKhau.java:53)
	at quanlyhogiadinh.NhanKhauThemVaoHoKhauTest.chuachonloaiquanhe(NhanKhauThemVaoHoKhauTest.java:33)
... Removed 32 stack frames</div></td></tr></table><p class="totop"><a href="#summary">back to summary</a></p><h3 id="m38">quanlyhogiadinh.NhanKhauThemVaoHoKhauTest#chuachonnhankhau</h3><table class="result"><tr><th>Exception</th></tr><tr><td><div class="stacktrace">org.openqa.selenium.NoSuchElementException: Unable to locate element: .//*[@id=&apos;body&apos;]/div[1]/div[4]/div[2]/div/div/div[2]/div[2]/div[2]/button[1]
For documentation on this error, please visit: http://seleniumhq.org/exceptions/no_such_element.html
Build info: version: &apos;3.4.0&apos;, revision: &apos;unknown&apos;, time: &apos;unknown&apos;
System info: host: &apos;ICT-OS-XUYENMT&apos;, ip: &apos;10.61.187.121&apos;, os.name: &apos;Windows 7&apos;, os.arch: &apos;amd64&apos;, os.version: &apos;6.1&apos;, java.version: &apos;1.8.0_112&apos;
Driver info: org.openqa.selenium.firefox.FirefoxDriver
Capabilities [{moz:profile=C:\Users\ICT-OS~1\AppData\Local\Temp\rust_mozprofile.PClv3qtCJbpD, rotatable=false, timeouts={implicit=0.0, pageLoad=300000.0, script=30000.0}, pageLoadStrategy=normal, platform=ANY, specificationLevel=0.0, moz:accessibilityChecks=false, acceptInsecureCerts=false, browserVersion=54.0.1, platformVersion=6.1, moz:processID=6668.0, browserName=firefox, javascriptEnabled=true, platformName=windows_nt}]
Session ID: 4137a4de-af18-4b86-b935-cafda56dd62b
*** Element info: {Using=xpath, value=.//*[@id=&apos;body&apos;]/div[1]/div[4]/div[2]/div/div/div[2]/div[2]/div[2]/button[1]}
	at org.openqa.selenium.remote.http.W3CHttpResponseCodec.createException(W3CHttpResponseCodec.java:150)
	at org.openqa.selenium.remote.http.W3CHttpResponseCodec.decode(W3CHttpResponseCodec.java:115)
	at org.openqa.selenium.remote.http.W3CHttpResponseCodec.decode(W3CHttpResponseCodec.java:45)
	at org.openqa.selenium.remote.HttpCommandExecutor.execute(HttpCommandExecutor.java:164)
	at org.openqa.selenium.remote.service.DriverCommandExecutor.execute(DriverCommandExecutor.java:82)
	at org.openqa.selenium.remote.RemoteWebDriver.execute(RemoteWebDriver.java:637)
	at org.openqa.selenium.remote.RemoteWebDriver.findElement(RemoteWebDriver.java:410)
	at org.openqa.selenium.remote.RemoteWebDriver.findElementByXPath(RemoteWebDriver.java:509)
	at org.openqa.selenium.By$ByXPath.findElement(By.java:361)
	at org.openqa.selenium.remote.RemoteWebDriver.findElement(RemoteWebDriver.java:402)
	at quanlyhogiadinh.NhanKhauThemVaohoKhau.chuachonnhankhau(NhanKhauThemVaohoKhau.java:30)
	at quanlyhogiadinh.NhanKhauThemVaoHoKhauTest.chuachonnhankhau(NhanKhauThemVaoHoKhauTest.java:29)
... Removed 32 stack frames</div></td></tr></table><p class="totop"><a href="#summary">back to summary</a></p><h3 id="m39">quanlyhogiadinh.NhanKhauThemVaoHoKhauTest#nhanKhauNaydaTonTai</h3><table class="result"><tr><th>Exception</th></tr><tr><td><div class="stacktrace">org.openqa.selenium.NoSuchElementException: Unable to locate element: .//*[@id=&apos;hokhau_dialog&apos;]/div[10]/div[1]/div/div[1]/div/div/a/span[2]
For documentation on this error, please visit: http://seleniumhq.org/exceptions/no_such_element.html
Build info: version: &apos;3.4.0&apos;, revision: &apos;unknown&apos;, time: &apos;unknown&apos;
System info: host: &apos;ICT-OS-XUYENMT&apos;, ip: &apos;10.61.187.121&apos;, os.name: &apos;Windows 7&apos;, os.arch: &apos;amd64&apos;, os.version: &apos;6.1&apos;, java.version: &apos;1.8.0_112&apos;
Driver info: org.openqa.selenium.firefox.FirefoxDriver
Capabilities [{moz:profile=C:\Users\ICT-OS~1\AppData\Local\Temp\rust_mozprofile.PClv3qtCJbpD, rotatable=false, timeouts={implicit=0.0, pageLoad=300000.0, script=30000.0}, pageLoadStrategy=normal, platform=ANY, specificationLevel=0.0, moz:accessibilityChecks=false, acceptInsecureCerts=false, browserVersion=54.0.1, platformVersion=6.1, moz:processID=6668.0, browserName=firefox, javascriptEnabled=true, platformName=windows_nt}]
Session ID: 4137a4de-af18-4b86-b935-cafda56dd62b
*** Element info: {Using=xpath, value=.//*[@id=&apos;hokhau_dialog&apos;]/div[10]/div[1]/div/div[1]/div/div/a/span[2]}
	at org.openqa.selenium.remote.http.W3CHttpResponseCodec.createException(W3CHttpResponseCodec.java:150)
	at org.openqa.selenium.remote.http.W3CHttpResponseCodec.decode(W3CHttpResponseCodec.java:115)
	at org.openqa.selenium.remote.http.W3CHttpResponseCodec.decode(W3CHttpResponseCodec.java:45)
	at org.openqa.selenium.remote.HttpCommandExecutor.execute(HttpCommandExecutor.java:164)
	at org.openqa.selenium.remote.service.DriverCommandExecutor.execute(DriverCommandExecutor.java:82)
	at org.openqa.selenium.remote.RemoteWebDriver.execute(RemoteWebDriver.java:637)
	at org.openqa.selenium.remote.RemoteWebDriver.findElement(RemoteWebDriver.java:410)
	at org.openqa.selenium.remote.RemoteWebDriver.findElementByXPath(RemoteWebDriver.java:509)
	at org.openqa.selenium.By$ByXPath.findElement(By.java:361)
	at org.openqa.selenium.remote.RemoteWebDriver.findElement(RemoteWebDriver.java:402)
	at quanlyhogiadinh.NhanKhauThemVaohoKhau.nhanKhauNaydaTonTai(NhanKhauThemVaohoKhau.java:171)
	at quanlyhogiadinh.NhanKhauThemVaoHoKhauTest.nhanKhauNaydaTonTai(NhanKhauThemVaoHoKhauTest.java:53)
... Removed 32 stack frames</div></td></tr></table><p class="totop"><a href="#summary">back to summary</a></p><h3 id="m40">quanlyhogiadinh.NhanKhauThemVaoHoKhauTest#nhankhaudangcoquanhevoihokhac</h3><table class="result"><tr><th>Exception</th></tr><tr><td><div class="stacktrace">org.openqa.selenium.NoSuchElementException: Unable to locate element: .//*[@id=&apos;body&apos;]/div[1]/div/div/div/form/div[2]/div/div[1]/div/span/button
For documentation on this error, please visit: http://seleniumhq.org/exceptions/no_such_element.html
Build info: version: &apos;3.4.0&apos;, revision: &apos;unknown&apos;, time: &apos;unknown&apos;
System info: host: &apos;ICT-OS-XUYENMT&apos;, ip: &apos;10.61.187.121&apos;, os.name: &apos;Windows 7&apos;, os.arch: &apos;amd64&apos;, os.version: &apos;6.1&apos;, java.version: &apos;1.8.0_112&apos;
Driver info: org.openqa.selenium.firefox.FirefoxDriver
Capabilities [{moz:profile=C:\Users\ICT-OS~1\AppData\Local\Temp\rust_mozprofile.PClv3qtCJbpD, rotatable=false, timeouts={implicit=0.0, pageLoad=300000.0, script=30000.0}, pageLoadStrategy=normal, platform=ANY, specificationLevel=0.0, moz:accessibilityChecks=false, acceptInsecureCerts=false, browserVersion=54.0.1, platformVersion=6.1, moz:processID=6668.0, browserName=firefox, javascriptEnabled=true, platformName=windows_nt}]
Session ID: 4137a4de-af18-4b86-b935-cafda56dd62b
*** Element info: {Using=xpath, value=.//*[@id=&apos;body&apos;]/div[1]/div/div/div/form/div[2]/div/div[1]/div/span/button}
	at org.openqa.selenium.remote.http.W3CHttpResponseCodec.createException(W3CHttpResponseCodec.java:150)
	at org.openqa.selenium.remote.http.W3CHttpResponseCodec.decode(W3CHttpResponseCodec.java:115)
	at org.openqa.selenium.remote.http.W3CHttpResponseCodec.decode(W3CHttpResponseCodec.java:45)
	at org.openqa.selenium.remote.HttpCommandExecutor.execute(HttpCommandExecutor.java:164)
	at org.openqa.selenium.remote.service.DriverCommandExecutor.execute(DriverCommandExecutor.java:82)
	at org.openqa.selenium.remote.RemoteWebDriver.execute(RemoteWebDriver.java:637)
	at org.openqa.selenium.remote.RemoteWebDriver.findElement(RemoteWebDriver.java:410)
	at org.openqa.selenium.remote.RemoteWebDriver.findElementByXPath(RemoteWebDriver.java:509)
	at org.openqa.selenium.By$ByXPath.findElement(By.java:361)
	at org.openqa.selenium.remote.RemoteWebDriver.findElement(RemoteWebDriver.java:402)
	at quanlyhogiadinh.NhanKhauThemVaohoKhau.nhankhaudangcoquanhevoihokhac(NhanKhauThemVaohoKhau.java:84)
	at quanlyhogiadinh.NhanKhauThemVaoHoKhauTest.nhankhaudangcoquanhevoihokhac(NhanKhauThemVaoHoKhauTest.java:41)
... Removed 32 stack frames</div></td></tr></table><p class="totop"><a href="#summary">back to summary</a></p><h3 id="m41">quanlyhogiadinh.NhanKhauThemVaoHoKhauTest#nhankhaudanglachucuahokhac</h3><table class="result"><tr><th>Exception</th></tr><tr><td><div class="stacktrace">org.openqa.selenium.NoSuchElementException: Unable to locate element: .//*[@id=&apos;field_loaiQh&apos;]
For documentation on this error, please visit: http://seleniumhq.org/exceptions/no_such_element.html
Build info: version: &apos;3.4.0&apos;, revision: &apos;unknown&apos;, time: &apos;unknown&apos;
System info: host: &apos;ICT-OS-XUYENMT&apos;, ip: &apos;10.61.187.121&apos;, os.name: &apos;Windows 7&apos;, os.arch: &apos;amd64&apos;, os.version: &apos;6.1&apos;, java.version: &apos;1.8.0_112&apos;
Driver info: org.openqa.selenium.firefox.FirefoxDriver
Capabilities [{moz:profile=C:\Users\ICT-OS~1\AppData\Local\Temp\rust_mozprofile.PClv3qtCJbpD, rotatable=false, timeouts={implicit=0.0, pageLoad=300000.0, script=30000.0}, pageLoadStrategy=normal, platform=ANY, specificationLevel=0.0, moz:accessibilityChecks=false, acceptInsecureCerts=false, browserVersion=54.0.1, platformVersion=6.1, moz:processID=6668.0, browserName=firefox, javascriptEnabled=true, platformName=windows_nt}]
Session ID: 4137a4de-af18-4b86-b935-cafda56dd62b
*** Element info: {Using=xpath, value=.//*[@id=&apos;field_loaiQh&apos;]}
	at org.openqa.selenium.remote.http.W3CHttpResponseCodec.createException(W3CHttpResponseCodec.java:150)
	at org.openqa.selenium.remote.http.W3CHttpResponseCodec.decode(W3CHttpResponseCodec.java:115)
	at org.openqa.selenium.remote.http.W3CHttpResponseCodec.decode(W3CHttpResponseCodec.java:45)
	at org.openqa.selenium.remote.HttpCommandExecutor.execute(HttpCommandExecutor.java:164)
	at org.openqa.selenium.remote.service.DriverCommandExecutor.execute(DriverCommandExecutor.java:82)
	at org.openqa.selenium.remote.RemoteWebDriver.execute(RemoteWebDriver.java:637)
	at org.openqa.selenium.remote.RemoteWebDriver.findElement(RemoteWebDriver.java:410)
	at org.openqa.selenium.remote.RemoteWebDriver.findElementByXPath(RemoteWebDriver.java:509)
	at org.openqa.selenium.By$ByXPath.findElement(By.java:361)
	at org.openqa.selenium.remote.RemoteWebDriver.findElement(RemoteWebDriver.java:402)
	at quanlyhogiadinh.NhanKhauThemVaohoKhau.nhankhaudanglachucuahokhac(NhanKhauThemVaohoKhau.java:70)
	at quanlyhogiadinh.NhanKhauThemVaoHoKhauTest.nhankhaudanglachucuahokhac(NhanKhauThemVaoHoKhauTest.java:37)
... Removed 32 stack frames</div></td></tr></table><p class="totop"><a href="#summary">back to summary</a></p><h3 id="m42">quanlyhogiadinh.NhanKhauThemVaoHoKhauTest#soanhnhankhau</h3><table class="result"><tr><th>Exception</th></tr><tr><td><div class="stacktrace">org.openqa.selenium.NoSuchElementException: Unable to locate element: .//*[@id=&apos;hokhau_dialog&apos;]/div[10]/div[1]/div/div[2]/table/tbody/tr[2]/td[1]/a
For documentation on this error, please visit: http://seleniumhq.org/exceptions/no_such_element.html
Build info: version: &apos;3.4.0&apos;, revision: &apos;unknown&apos;, time: &apos;unknown&apos;
System info: host: &apos;ICT-OS-XUYENMT&apos;, ip: &apos;10.61.187.121&apos;, os.name: &apos;Windows 7&apos;, os.arch: &apos;amd64&apos;, os.version: &apos;6.1&apos;, java.version: &apos;1.8.0_112&apos;
Driver info: org.openqa.selenium.firefox.FirefoxDriver
Capabilities [{moz:profile=C:\Users\ICT-OS~1\AppData\Local\Temp\rust_mozprofile.PClv3qtCJbpD, rotatable=false, timeouts={implicit=0.0, pageLoad=300000.0, script=30000.0}, pageLoadStrategy=normal, platform=ANY, specificationLevel=0.0, moz:accessibilityChecks=false, acceptInsecureCerts=false, browserVersion=54.0.1, platformVersion=6.1, moz:processID=6668.0, browserName=firefox, javascriptEnabled=true, platformName=windows_nt}]
Session ID: 4137a4de-af18-4b86-b935-cafda56dd62b
*** Element info: {Using=xpath, value=.//*[@id=&apos;hokhau_dialog&apos;]/div[10]/div[1]/div/div[2]/table/tbody/tr[2]/td[1]/a}
	at org.openqa.selenium.remote.http.W3CHttpResponseCodec.createException(W3CHttpResponseCodec.java:150)
	at org.openqa.selenium.remote.http.W3CHttpResponseCodec.decode(W3CHttpResponseCodec.java:115)
	at org.openqa.selenium.remote.http.W3CHttpResponseCodec.decode(W3CHttpResponseCodec.java:45)
	at org.openqa.selenium.remote.HttpCommandExecutor.execute(HttpCommandExecutor.java:164)
	at org.openqa.selenium.remote.service.DriverCommandExecutor.execute(DriverCommandExecutor.java:82)
	at org.openqa.selenium.remote.RemoteWebDriver.execute(RemoteWebDriver.java:637)
	at org.openqa.selenium.remote.RemoteWebDriver.findElement(RemoteWebDriver.java:410)
	at org.openqa.selenium.remote.RemoteWebDriver.findElementByXPath(RemoteWebDriver.java:509)
	at org.openqa.selenium.By$ByXPath.findElement(By.java:361)
	at org.openqa.selenium.remote.RemoteWebDriver.findElement(RemoteWebDriver.java:402)
	at quanlyhogiadinh.NhanKhauThemVaohoKhau.soanhnhankhau(NhanKhauThemVaohoKhau.java:151)
	at quanlyhogiadinh.NhanKhauThemVaoHoKhauTest.soanhnhankhau(NhanKhauThemVaoHoKhauTest.java:49)
... Removed 32 stack frames</div></td></tr></table><p class="totop"><a href="#summary">back to summary</a></p><h3 id="m43">quanlyhogiadinh.NhanKhauThemVaoHoKhauTest#suathongtinnhankhau</h3><table class="result"><tr><th>Exception</th></tr><tr><td><div class="stacktrace">org.openqa.selenium.NoSuchElementException: Unable to locate element: .//*[@id=&apos;hokhau_dialog&apos;]/div[10]/div[1]/div/div[2]/table/tbody/tr[2]/td[5]/a[1]/i
For documentation on this error, please visit: http://seleniumhq.org/exceptions/no_such_element.html
Build info: version: &apos;3.4.0&apos;, revision: &apos;unknown&apos;, time: &apos;unknown&apos;
System info: host: &apos;ICT-OS-XUYENMT&apos;, ip: &apos;10.61.187.121&apos;, os.name: &apos;Windows 7&apos;, os.arch: &apos;amd64&apos;, os.version: &apos;6.1&apos;, java.version: &apos;1.8.0_112&apos;
Driver info: org.openqa.selenium.firefox.FirefoxDriver
Capabilities [{moz:profile=C:\Users\ICT-OS~1\AppData\Local\Temp\rust_mozprofile.PClv3qtCJbpD, rotatable=false, timeouts={implicit=0.0, pageLoad=300000.0, script=30000.0}, pageLoadStrategy=normal, platform=ANY, specificationLevel=0.0, moz:accessibilityChecks=false, acceptInsecureCerts=false, browserVersion=54.0.1, platformVersion=6.1, moz:processID=6668.0, browserName=firefox, javascriptEnabled=true, platformName=windows_nt}]
Session ID: 4137a4de-af18-4b86-b935-cafda56dd62b
*** Element info: {Using=xpath, value=.//*[@id=&apos;hokhau_dialog&apos;]/div[10]/div[1]/div/div[2]/table/tbody/tr[2]/td[5]/a[1]/i}
	at org.openqa.selenium.remote.http.W3CHttpResponseCodec.createException(W3CHttpResponseCodec.java:150)
	at org.openqa.selenium.remote.http.W3CHttpResponseCodec.decode(W3CHttpResponseCodec.java:115)
	at org.openqa.selenium.remote.http.W3CHttpResponseCodec.decode(W3CHttpResponseCodec.java:45)
	at org.openqa.selenium.remote.HttpCommandExecutor.execute(HttpCommandExecutor.java:164)
	at org.openqa.selenium.remote.service.DriverCommandExecutor.execute(DriverCommandExecutor.java:82)
	at org.openqa.selenium.remote.RemoteWebDriver.execute(RemoteWebDriver.java:637)
	at org.openqa.selenium.remote.RemoteWebDriver.findElement(RemoteWebDriver.java:410)
	at org.openqa.selenium.remote.RemoteWebDriver.findElementByXPath(RemoteWebDriver.java:509)
	at org.openqa.selenium.By$ByXPath.findElement(By.java:361)
	at org.openqa.selenium.remote.RemoteWebDriver.findElement(RemoteWebDriver.java:402)
	at quanlyhogiadinh.NhanKhauThemVaohoKhau.suathongtinnhankhau(NhanKhauThemVaohoKhau.java:194)
	at quanlyhogiadinh.NhanKhauThemVaoHoKhauTest.suathongtinnhankhau(NhanKhauThemVaoHoKhauTest.java:57)
... Removed 32 stack frames</div></td></tr></table><p class="totop"><a href="#summary">back to summary</a></p><h3 id="m44">quanlyhogiadinh.NhanKhauThemVaoHoKhauTest#themMoiNkVaoHkThanhCong</h3><table class="result"><tr><th>Exception</th></tr><tr><td><div class="stacktrace">org.openqa.selenium.NoSuchElementException: Unable to locate element: .//*[@id=&apos;body&apos;]/div[1]/div/div/div/form/div[2]/div/div[1]/div/span/button
For documentation on this error, please visit: http://seleniumhq.org/exceptions/no_such_element.html
Build info: version: &apos;3.4.0&apos;, revision: &apos;unknown&apos;, time: &apos;unknown&apos;
System info: host: &apos;ICT-OS-XUYENMT&apos;, ip: &apos;10.61.187.121&apos;, os.name: &apos;Windows 7&apos;, os.arch: &apos;amd64&apos;, os.version: &apos;6.1&apos;, java.version: &apos;1.8.0_112&apos;
Driver info: org.openqa.selenium.firefox.FirefoxDriver
Capabilities [{moz:profile=C:\Users\ICT-OS~1\AppData\Local\Temp\rust_mozprofile.PClv3qtCJbpD, rotatable=false, timeouts={implicit=0.0, pageLoad=300000.0, script=30000.0}, pageLoadStrategy=normal, platform=ANY, specificationLevel=0.0, moz:accessibilityChecks=false, acceptInsecureCerts=false, browserVersion=54.0.1, platformVersion=6.1, moz:processID=6668.0, browserName=firefox, javascriptEnabled=true, platformName=windows_nt}]
Session ID: 4137a4de-af18-4b86-b935-cafda56dd62b
*** Element info: {Using=xpath, value=.//*[@id=&apos;body&apos;]/div[1]/div/div/div/form/div[2]/div/div[1]/div/span/button}
	at org.openqa.selenium.remote.http.W3CHttpResponseCodec.createException(W3CHttpResponseCodec.java:150)
	at org.openqa.selenium.remote.http.W3CHttpResponseCodec.decode(W3CHttpResponseCodec.java:115)
	at org.openqa.selenium.remote.http.W3CHttpResponseCodec.decode(W3CHttpResponseCodec.java:45)
	at org.openqa.selenium.remote.HttpCommandExecutor.execute(HttpCommandExecutor.java:164)
	at org.openqa.selenium.remote.service.DriverCommandExecutor.execute(DriverCommandExecutor.java:82)
	at org.openqa.selenium.remote.RemoteWebDriver.execute(RemoteWebDriver.java:637)
	at org.openqa.selenium.remote.RemoteWebDriver.findElement(RemoteWebDriver.java:410)
	at org.openqa.selenium.remote.RemoteWebDriver.findElementByXPath(RemoteWebDriver.java:509)
	at org.openqa.selenium.By$ByXPath.findElement(By.java:361)
	at org.openqa.selenium.remote.RemoteWebDriver.findElement(RemoteWebDriver.java:402)
	at quanlyhogiadinh.NhanKhauThemVaohoKhau.themMoiNkVaoHkThanhCong(NhanKhauThemVaohoKhau.java:108)
	at quanlyhogiadinh.NhanKhauThemVaoHoKhauTest.themMoiNkVaoHkThanhCong(NhanKhauThemVaoHoKhauTest.java:45)
... Removed 32 stack frames</div></td></tr></table><p class="totop"><a href="#summary">back to summary</a></p><h3 id="m45">quanlyhogiadinh.NhanKhauThemVaoHoKhauTest#xoanhankhau</h3><table class="result"><tr><th>Exception</th></tr><tr><td><div class="stacktrace">org.openqa.selenium.NoSuchElementException: Unable to locate element: .//*[@id=&apos;hokhau_dialog&apos;]/div[10]/div[1]/div/div[2]/table/tbody/tr[2]/td[5]/a[2]/i
For documentation on this error, please visit: http://seleniumhq.org/exceptions/no_such_element.html
Build info: version: &apos;3.4.0&apos;, revision: &apos;unknown&apos;, time: &apos;unknown&apos;
System info: host: &apos;ICT-OS-XUYENMT&apos;, ip: &apos;10.61.187.121&apos;, os.name: &apos;Windows 7&apos;, os.arch: &apos;amd64&apos;, os.version: &apos;6.1&apos;, java.version: &apos;1.8.0_112&apos;
Driver info: org.openqa.selenium.firefox.FirefoxDriver
Capabilities [{moz:profile=C:\Users\ICT-OS~1\AppData\Local\Temp\rust_mozprofile.PClv3qtCJbpD, rotatable=false, timeouts={implicit=0.0, pageLoad=300000.0, script=30000.0}, pageLoadStrategy=normal, platform=ANY, specificationLevel=0.0, moz:accessibilityChecks=false, acceptInsecureCerts=false, browserVersion=54.0.1, platformVersion=6.1, moz:processID=6668.0, browserName=firefox, javascriptEnabled=true, platformName=windows_nt}]
Session ID: 4137a4de-af18-4b86-b935-cafda56dd62b
*** Element info: {Using=xpath, value=.//*[@id=&apos;hokhau_dialog&apos;]/div[10]/div[1]/div/div[2]/table/tbody/tr[2]/td[5]/a[2]/i}
	at org.openqa.selenium.remote.http.W3CHttpResponseCodec.createException(W3CHttpResponseCodec.java:150)
	at org.openqa.selenium.remote.http.W3CHttpResponseCodec.decode(W3CHttpResponseCodec.java:115)
	at org.openqa.selenium.remote.http.W3CHttpResponseCodec.decode(W3CHttpResponseCodec.java:45)
	at org.openqa.selenium.remote.HttpCommandExecutor.execute(HttpCommandExecutor.java:164)
	at org.openqa.selenium.remote.service.DriverCommandExecutor.execute(DriverCommandExecutor.java:82)
	at org.openqa.selenium.remote.RemoteWebDriver.execute(RemoteWebDriver.java:637)
	at org.openqa.selenium.remote.RemoteWebDriver.findElement(RemoteWebDriver.java:410)
	at org.openqa.selenium.remote.RemoteWebDriver.findElementByXPath(RemoteWebDriver.java:509)
	at org.openqa.selenium.By$ByXPath.findElement(By.java:361)
	at org.openqa.selenium.remote.RemoteWebDriver.findElement(RemoteWebDriver.java:402)
	at quanlyhogiadinh.NhanKhauThemVaohoKhau.xoanhankhau(NhanKhauThemVaohoKhau.java:205)
	at quanlyhogiadinh.NhanKhauThemVaoHoKhauTest.xoanhankhau(NhanKhauThemVaoHoKhauTest.java:61)
... Removed 31 stack frames</div></td></tr></table><p class="totop"><a href="#summary">back to summary</a></p><h2>Test6</h2><h3 id="m46">quanlyhogiadinh.NhanKhauThemVaoHoKhau2Test#chuachonnhankhau</h3><table class="result"><tr><th>Exception</th></tr><tr><td><div class="stacktrace">org.openqa.selenium.NoSuchElementException: Unable to locate element: .//*[@id=&apos;body&apos;]/div[1]/div[4]/div[1]/div/ul/li[3]/ul/li[1]/a
For documentation on this error, please visit: http://seleniumhq.org/exceptions/no_such_element.html
Build info: version: &apos;3.4.0&apos;, revision: &apos;unknown&apos;, time: &apos;unknown&apos;
System info: host: &apos;ICT-OS-XUYENMT&apos;, ip: &apos;10.61.187.121&apos;, os.name: &apos;Windows 7&apos;, os.arch: &apos;amd64&apos;, os.version: &apos;6.1&apos;, java.version: &apos;1.8.0_112&apos;
Driver info: org.openqa.selenium.firefox.FirefoxDriver
Capabilities [{moz:profile=C:\Users\ICT-OS~1\AppData\Local\Temp\rust_mozprofile.7zzsVYxKB0KK, rotatable=false, timeouts={implicit=0.0, pageLoad=300000.0, script=30000.0}, pageLoadStrategy=normal, platform=ANY, specificationLevel=0.0, moz:accessibilityChecks=false, acceptInsecureCerts=false, browserVersion=54.0.1, platformVersion=6.1, moz:processID=6908.0, browserName=firefox, javascriptEnabled=true, platformName=windows_nt}]
Session ID: 42196c5e-9c05-4aa2-8e48-33a5b0d882ee
*** Element info: {Using=xpath, value=.//*[@id=&apos;body&apos;]/div[1]/div[4]/div[1]/div/ul/li[3]/ul/li[1]/a}
	at org.openqa.selenium.remote.http.W3CHttpResponseCodec.createException(W3CHttpResponseCodec.java:150)
	at org.openqa.selenium.remote.http.W3CHttpResponseCodec.decode(W3CHttpResponseCodec.java:115)
	at org.openqa.selenium.remote.http.W3CHttpResponseCodec.decode(W3CHttpResponseCodec.java:45)
	at org.openqa.selenium.remote.HttpCommandExecutor.execute(HttpCommandExecutor.java:164)
	at org.openqa.selenium.remote.service.DriverCommandExecutor.execute(DriverCommandExecutor.java:82)
	at org.openqa.selenium.remote.RemoteWebDriver.execute(RemoteWebDriver.java:637)
	at org.openqa.selenium.remote.RemoteWebDriver.findElement(RemoteWebDriver.java:410)
	at org.openqa.selenium.remote.RemoteWebDriver.findElementByXPath(RemoteWebDriver.java:509)
	at org.openqa.selenium.By$ByXPath.findElement(By.java:361)
	at org.openqa.selenium.remote.RemoteWebDriver.findElement(RemoteWebDriver.java:402)
	at quanlyhogiadinh.NhanKhauThemVaoHoKhau2.chuachonquanhechuho(NhanKhauThemVaoHoKhau2.java:59)
	at quanlyhogiadinh.NhanKhauThemVaoHoKhau2Test.chuachonnhankhau(NhanKhauThemVaoHoKhau2Test.java:40)
... Removed 31 stack frames</div></td></tr></table><p class="totop"><a href="#summary">back to summary</a></p><h3 id="m47">quanlyhogiadinh.NhanKhauThemVaoHoKhau2Test#nhanKhauDangLaChuHo</h3><table class="result"><tr><th>Exception</th></tr><tr><td><div class="stacktrace">java.lang.AssertionError: Fale khi click ???c vo button m h? gia ?nh expected [false] but found [true]
	at quanlyhogiadinh.NhanKhauThemVaoHoKhau2.nhanKhauDangLaChuHo(NhanKhauThemVaoHoKhau2.java:26)
	at quanlyhogiadinh.NhanKhauThemVaoHoKhau2Test.nhanKhauDangLaChuHo(NhanKhauThemVaoHoKhau2Test.java:31)
... Removed 31 stack frames</div></td></tr></table><p class="totop"><a href="#summary">back to summary</a></p><h3 id="m48">quanlyhogiadinh.NhanKhauThemVaoHoKhau2Test#nhanKhauKhongLaChuHo</h3><table class="result"><tr><th>Exception</th></tr><tr><td><div class="stacktrace">org.openqa.selenium.NoSuchElementException: Unable to locate element: .//*[@id=&apos;body&apos;]/div[1]/div/div/form/div[2]/div[4]/div/div/table/tbody/tr/td[6]/div/a/i
For documentation on this error, please visit: http://seleniumhq.org/exceptions/no_such_element.html
Build info: version: &apos;3.4.0&apos;, revision: &apos;unknown&apos;, time: &apos;unknown&apos;
System info: host: &apos;ICT-OS-XUYENMT&apos;, ip: &apos;10.61.187.121&apos;, os.name: &apos;Windows 7&apos;, os.arch: &apos;amd64&apos;, os.version: &apos;6.1&apos;, java.version: &apos;1.8.0_112&apos;
Driver info: org.openqa.selenium.firefox.FirefoxDriver
Capabilities [{moz:profile=C:\Users\ICT-OS~1\AppData\Local\Temp\rust_mozprofile.7zzsVYxKB0KK, rotatable=false, timeouts={implicit=0.0, pageLoad=300000.0, script=30000.0}, pageLoadStrategy=normal, platform=ANY, specificationLevel=0.0, moz:accessibilityChecks=false, acceptInsecureCerts=false, browserVersion=54.0.1, platformVersion=6.1, moz:processID=6908.0, browserName=firefox, javascriptEnabled=true, platformName=windows_nt}]
Session ID: 42196c5e-9c05-4aa2-8e48-33a5b0d882ee
*** Element info: {Using=xpath, value=.//*[@id=&apos;body&apos;]/div[1]/div/div/form/div[2]/div[4]/div/div/table/tbody/tr/td[6]/div/a/i}
	at org.openqa.selenium.remote.http.W3CHttpResponseCodec.createException(W3CHttpResponseCodec.java:150)
	at org.openqa.selenium.remote.http.W3CHttpResponseCodec.decode(W3CHttpResponseCodec.java:115)
	at org.openqa.selenium.remote.http.W3CHttpResponseCodec.decode(W3CHttpResponseCodec.java:45)
	at org.openqa.selenium.remote.HttpCommandExecutor.execute(HttpCommandExecutor.java:164)
	at org.openqa.selenium.remote.service.DriverCommandExecutor.execute(DriverCommandExecutor.java:82)
	at org.openqa.selenium.remote.RemoteWebDriver.execute(RemoteWebDriver.java:637)
	at org.openqa.selenium.remote.RemoteWebDriver.findElement(RemoteWebDriver.java:410)
	at org.openqa.selenium.remote.RemoteWebDriver.findElementByXPath(RemoteWebDriver.java:509)
	at org.openqa.selenium.By$ByXPath.findElement(By.java:361)
	at org.openqa.selenium.remote.RemoteWebDriver.findElement(RemoteWebDriver.java:402)
	at quanlyhogiadinh.NhanKhauThemVaoHoKhau2.nhanKhauKhongLaChuHo(NhanKhauThemVaoHoKhau2.java:88)
	at quanlyhogiadinh.NhanKhauThemVaoHoKhau2Test.nhanKhauKhongLaChuHo(NhanKhauThemVaoHoKhau2Test.java:45)
... Removed 31 stack frames</div></td></tr></table><p class="totop"><a href="#summary">back to summary</a></p><h3 id="m49">quanlyhogiadinh.NhanKhauThemVaoHoKhau2Test#xoa</h3><table class="result"><tr><th>Exception</th></tr><tr><td><div class="stacktrace">org.openqa.selenium.NoSuchElementException: Unable to locate element: .//*[@id=&apos;body&apos;]/div[1]/div[4]/div[1]/div/ul/li[3]/ul/li[2]/a
For documentation on this error, please visit: http://seleniumhq.org/exceptions/no_such_element.html
Build info: version: &apos;3.4.0&apos;, revision: &apos;unknown&apos;, time: &apos;unknown&apos;
System info: host: &apos;ICT-OS-XUYENMT&apos;, ip: &apos;10.61.187.121&apos;, os.name: &apos;Windows 7&apos;, os.arch: &apos;amd64&apos;, os.version: &apos;6.1&apos;, java.version: &apos;1.8.0_112&apos;
Driver info: org.openqa.selenium.firefox.FirefoxDriver
Capabilities [{moz:profile=C:\Users\ICT-OS~1\AppData\Local\Temp\rust_mozprofile.7zzsVYxKB0KK, rotatable=false, timeouts={implicit=0.0, pageLoad=300000.0, script=30000.0}, pageLoadStrategy=normal, platform=ANY, specificationLevel=0.0, moz:accessibilityChecks=false, acceptInsecureCerts=false, browserVersion=54.0.1, platformVersion=6.1, moz:processID=6908.0, browserName=firefox, javascriptEnabled=true, platformName=windows_nt}]
Session ID: 42196c5e-9c05-4aa2-8e48-33a5b0d882ee
*** Element info: {Using=xpath, value=.//*[@id=&apos;body&apos;]/div[1]/div[4]/div[1]/div/ul/li[3]/ul/li[2]/a}
	at org.openqa.selenium.remote.http.W3CHttpResponseCodec.createException(W3CHttpResponseCodec.java:150)
	at org.openqa.selenium.remote.http.W3CHttpResponseCodec.decode(W3CHttpResponseCodec.java:115)
	at org.openqa.selenium.remote.http.W3CHttpResponseCodec.decode(W3CHttpResponseCodec.java:45)
	at org.openqa.selenium.remote.HttpCommandExecutor.execute(HttpCommandExecutor.java:164)
	at org.openqa.selenium.remote.service.DriverCommandExecutor.execute(DriverCommandExecutor.java:82)
	at org.openqa.selenium.remote.RemoteWebDriver.execute(RemoteWebDriver.java:637)
	at org.openqa.selenium.remote.RemoteWebDriver.findElement(RemoteWebDriver.java:410)
	at org.openqa.selenium.remote.RemoteWebDriver.findElementByXPath(RemoteWebDriver.java:509)
	at org.openqa.selenium.By$ByXPath.findElement(By.java:361)
	at org.openqa.selenium.remote.RemoteWebDriver.findElement(RemoteWebDriver.java:402)
	at quanlyhogiadinh.NhanKhauThemVaoHoKhau2.xoa(NhanKhauThemVaoHoKhau2.java:32)
	at quanlyhogiadinh.NhanKhauThemVaoHoKhau2Test.xoa(NhanKhauThemVaoHoKhau2Test.java:35)
... Removed 31 stack frames</div></td></tr></table><p class="totop"><a href="#summary">back to summary</a></p><h2>Test7</h2><h3 id="m50">quanlyhososuckhoe.KhamLapThemTest#checkMau</h3><table class="result"><tr><th>Exception</th></tr><tr><td><div class="stacktrace">org.openqa.selenium.NoSuchElementException: Unable to locate element: .//*[@id=&apos;field_ngayKham&apos;]
For documentation on this error, please visit: http://seleniumhq.org/exceptions/no_such_element.html
Build info: version: &apos;3.4.0&apos;, revision: &apos;unknown&apos;, time: &apos;unknown&apos;
System info: host: &apos;ICT-OS-XUYENMT&apos;, ip: &apos;10.61.187.121&apos;, os.name: &apos;Windows 7&apos;, os.arch: &apos;amd64&apos;, os.version: &apos;6.1&apos;, java.version: &apos;1.8.0_112&apos;
Driver info: org.openqa.selenium.firefox.FirefoxDriver
Capabilities [{moz:profile=C:\Users\ICT-OS~1\AppData\Local\Temp\rust_mozprofile.Zqt8CZdfYny6, rotatable=false, timeouts={implicit=0.0, pageLoad=300000.0, script=30000.0}, pageLoadStrategy=normal, platform=ANY, specificationLevel=0.0, moz:accessibilityChecks=false, acceptInsecureCerts=false, browserVersion=54.0.1, platformVersion=6.1, moz:processID=6292.0, browserName=firefox, javascriptEnabled=true, platformName=windows_nt}]
Session ID: 6c5d7d19-7761-4ac5-8690-717173c0ae40
*** Element info: {Using=xpath, value=.//*[@id=&apos;field_ngayKham&apos;]}
	at org.openqa.selenium.remote.http.W3CHttpResponseCodec.createException(W3CHttpResponseCodec.java:150)
	at org.openqa.selenium.remote.http.W3CHttpResponseCodec.decode(W3CHttpResponseCodec.java:115)
	at org.openqa.selenium.remote.http.W3CHttpResponseCodec.decode(W3CHttpResponseCodec.java:45)
	at org.openqa.selenium.remote.HttpCommandExecutor.execute(HttpCommandExecutor.java:164)
	at org.openqa.selenium.remote.service.DriverCommandExecutor.execute(DriverCommandExecutor.java:82)
	at org.openqa.selenium.remote.RemoteWebDriver.execute(RemoteWebDriver.java:637)
	at org.openqa.selenium.remote.RemoteWebDriver.findElement(RemoteWebDriver.java:410)
	at org.openqa.selenium.remote.RemoteWebDriver.findElementByXPath(RemoteWebDriver.java:509)
	at org.openqa.selenium.By$ByXPath.findElement(By.java:361)
	at org.openqa.selenium.remote.RemoteWebDriver.findElement(RemoteWebDriver.java:402)
	at quanlyhososuckhoe.KhamLapThemMoi.checkMau(KhamLapThemMoi.java:30)
	at quanlyhososuckhoe.KhamLapThemTest.checkMau(KhamLapThemTest.java:35)
... Removed 31 stack frames</div></td></tr></table><p class="totop"><a href="#summary">back to summary</a></p><h3 id="m51">quanlyhososuckhoe.KhamLapThemTest#chuaCoDuLieuThayDoi</h3><table class="result"><tr><th>Exception</th></tr><tr><td><div class="stacktrace">org.openqa.selenium.NoSuchElementException: Unable to locate element: .//*[@id=&apos;body&apos;]/div[1]/div[4]/div[2]/div/div/div[3]/div[1]/div/div/div/div/div/div[1]/form/div[1]/div[1]/input
For documentation on this error, please visit: http://seleniumhq.org/exceptions/no_such_element.html
Build info: version: &apos;3.4.0&apos;, revision: &apos;unknown&apos;, time: &apos;unknown&apos;
System info: host: &apos;ICT-OS-XUYENMT&apos;, ip: &apos;10.61.187.121&apos;, os.name: &apos;Windows 7&apos;, os.arch: &apos;amd64&apos;, os.version: &apos;6.1&apos;, java.version: &apos;1.8.0_112&apos;
Driver info: org.openqa.selenium.firefox.FirefoxDriver
Capabilities [{moz:profile=C:\Users\ICT-OS~1\AppData\Local\Temp\rust_mozprofile.Zqt8CZdfYny6, rotatable=false, timeouts={implicit=0.0, pageLoad=300000.0, script=30000.0}, pageLoadStrategy=normal, platform=ANY, specificationLevel=0.0, moz:accessibilityChecks=false, acceptInsecureCerts=false, browserVersion=54.0.1, platformVersion=6.1, moz:processID=6292.0, browserName=firefox, javascriptEnabled=true, platformName=windows_nt}]
Session ID: 6c5d7d19-7761-4ac5-8690-717173c0ae40
*** Element info: {Using=xpath, value=.//*[@id=&apos;body&apos;]/div[1]/div[4]/div[2]/div/div/div[3]/div[1]/div/div/div/div/div/div[1]/form/div[1]/div[1]/input}
	at org.openqa.selenium.remote.http.W3CHttpResponseCodec.createException(W3CHttpResponseCodec.java:150)
	at org.openqa.selenium.remote.http.W3CHttpResponseCodec.decode(W3CHttpResponseCodec.java:115)
	at org.openqa.selenium.remote.http.W3CHttpResponseCodec.decode(W3CHttpResponseCodec.java:45)
	at org.openqa.selenium.remote.HttpCommandExecutor.execute(HttpCommandExecutor.java:164)
	at org.openqa.selenium.remote.service.DriverCommandExecutor.execute(DriverCommandExecutor.java:82)
	at org.openqa.selenium.remote.RemoteWebDriver.execute(RemoteWebDriver.java:637)
	at org.openqa.selenium.remote.RemoteWebDriver.findElement(RemoteWebDriver.java:410)
	at org.openqa.selenium.remote.RemoteWebDriver.findElementByXPath(RemoteWebDriver.java:509)
	at org.openqa.selenium.By$ByXPath.findElement(By.java:361)
	at org.openqa.selenium.remote.RemoteWebDriver.findElement(RemoteWebDriver.java:402)
	at quanlyhososuckhoe.KhamLapThemMoi.chuaCoDuLieuThayDoi(KhamLapThemMoi.java:15)
	at quanlyhososuckhoe.KhamLapThemTest.chuaCoDuLieuThayDoi(KhamLapThemTest.java:30)
... Removed 31 stack frames</div></td></tr></table><p class="totop"><a href="#summary">back to summary</a></p><h3 id="m52">quanlyhososuckhoe.KhamLapThemTest#khamLapThanhCong</h3><table class="result"></table><p class="totop"><a href="#summary">back to summary</a></p><h3 id="m53">quanlyhososuckhoe.KhamLapThemTest#ngayHenKhamKhongDuocNhoHonNgayKham</h3><table class="result"></table><p class="totop"><a href="#summary">back to summary</a></p><h3 id="m54">quanlyhososuckhoe.KhamLapThemTest#ngayKhamkhongDuocLonHonNgayhienTai</h3><table class="result"></table><p class="totop"><a href="#summary">back to summary</a></p><h3 id="m55">quanlyhososuckhoe.KhamLapThemTest#soSanhKhamLap</h3><table class="result"></table><p class="totop"><a href="#summary">back to summary</a></p><h2>Test8</h2><h3 id="m56">quanlyhososuckhoe.LichSuThemTest#boTrongNgayBatDau</h3><table class="result"></table><p class="totop"><a href="#summary">back to summary</a></p><h3 id="m57">quanlyhososuckhoe.LichSuThemTest#boTrongNgayKetThuc</h3><table class="result"></table><p class="totop"><a href="#summary">back to summary</a></p><h3 id="m58">quanlyhososuckhoe.LichSuThemTest#boTrongngaykham</h3><table class="result"></table><p class="totop"><a href="#summary">back to summary</a></p><h3 id="m59">quanlyhososuckhoe.LichSuThemTest#ketQuaKhongDuocDetrong</h3><table class="result"></table><p class="totop"><a href="#summary">back to summary</a></p><h3 id="m60">quanlyhososuckhoe.LichSuThemTest#ngayKetThucKhongDuocNhoHonNgayBatDau</h3><table class="result"></table><p class="totop"><a href="#summary">back to summary</a></p><h3 id="m61">quanlyhososuckhoe.LichSuThemTest#ngayKhamKhongDuocLonHonNgayHientai</h3><table class="result"></table><p class="totop"><a href="#summary">back to summary</a></p><h3 id="m62">quanlyhososuckhoe.LichSuThemTest#ngayKhamKhongDuocLonHonNgayKetThuc</h3><table class="result"></table><p class="totop"><a href="#summary">back to summary</a></p><h3 id="m63">quanlyhososuckhoe.LichSuThemTest#ngayKhamKhongDuocNhoHonNgayBatDau</h3><table class="result"></table><p class="totop"><a href="#summary">back to summary</a></p><h3 id="m64">quanlyhososuckhoe.LichSuThemTest#ngayTaiKhamLonHonNgayKham</h3><table class="result"></table><p class="totop"><a href="#summary">back to summary</a></p><h3 id="m65">quanlyhososuckhoe.LichSuThemTest#soLuongKhongDuocDetrong</h3><table class="result"></table><p class="totop"><a href="#summary">back to summary</a></p><h3 id="m66">quanlyhososuckhoe.LichSuThemTest#soLuongPhaiNhapDangSo</h3><table class="result"></table><p class="totop"><a href="#summary">back to summary</a></p><h3 id="m67">quanlyhososuckhoe.LichSuThemTest#tenDichvuKongDuocDeTrong</h3><table class="result"></table><p class="totop"><a href="#summary">back to summary</a></p><h3 id="m68">quanlyhososuckhoe.LichSuThemTest#tenThuocKhongDuocDeTrong</h3><table class="result"></table><p class="totop"><a href="#summary">back to summary</a></p><h3 id="m69">quanlyhososuckhoe.LichSuThemTest#themMoiLichSuThanhCong</h3><table class="result"></table><p class="totop"><a href="#summary">back to summary</a></p><h2>Test9</h2><h3 id="m70">quanlyhososuckhoe.TiemChungThemTest#checkMau</h3><table class="result"></table><p class="totop"><a href="#summary">back to summary</a></p><h3 id="m71">quanlyhososuckhoe.TiemChungThemTest#themmoiTCMuiTiemKhongDuocBotrong</h3><table class="result"></table><p class="totop"><a href="#summary">back to summary</a></p><h3 id="m72">quanlyhososuckhoe.TiemChungThemTest#themmoiTCNgayHenTiemPhaiLonHonHoacbangNgayNguaChung</h3><table class="result"></table><p class="totop"><a href="#summary">back to summary</a></p><h3 id="m73">quanlyhososuckhoe.TiemChungThemTest#themmoiTCThanhCong</h3><table class="result"></table><p class="totop"><a href="#summary">back to summary</a></p><h3 id="m74">quanlyhososuckhoe.TiemChungThemTest#themmoiTCVacXinMuiTiemDaTonTai</h3><table class="result"></table><p class="totop"><a href="#summary">back to summary</a></p></body></html>